<?xml version="1.0" encoding="UTF-8"?>
<!-- Generated by org.testng.reporters.JUnitXMLReporter -->
<testsuite hostname="Ty-Deepak-Tr" ignored="2" name="Test" tests="4" failures="0" timestamp="20 Oct 2020 07:58:12 GMT" time="0.064" errors="0">
  <testcase name="createQuote" time="0.019" classname="practice.QouteTest"/>
  <testcase name="createInvoiceTest" time="0.003" classname="practice.InvoiceTest"/>
  <testcase name="deleteInvoice" time="0.003" classname="practice.InvoiceTest"/>
  <testcase name="modifyInvoice" time="0.002" classname="practice.InvoiceTest"/>
  <testcase name="@BeforeSuite configBS" time="0.0" classname="com.autodest.genericUtils.BaseClass">
    <ignored/>
  </testcase> <!-- @BeforeSuite configBS -->
  <testcase name="@AfterSuite configBS1" time="0.0" classname="com.autodest.genericUtils.BaseClass">
    <ignored/>
  </testcase> <!-- @AfterSuite configBS1 -->
</testsuite> <!-- Test -->
