<?xml version="1.0" encoding="UTF-8"?>
<!-- Generated by org.testng.reporters.JUnitXMLReporter -->
<testsuite hostname="Ty-Deepak-Tr" ignored="0" name="Default test" tests="3" failures="0" timestamp="20 Oct 2020 07:47:46 GMT" time="0.054" errors="0">
  <testcase name="createInvoiceTest" time="0.018" classname="practice.InvoiceTest"/>
  <testcase name="deleteInvoice" time="0.002" classname="practice.InvoiceTest"/>
  <testcase name="modifyInvoice" time="0.004" classname="practice.InvoiceTest"/>
</testsuite> <!-- Default test -->
