<?xml version="1.0" encoding="UTF-8"?>
<testng-results skipped="0" failed="1" ignored="0" total="1" passed="0">
  <reporter-output>
  </reporter-output>
  <suite name="Default suite" duration-ms="15414" started-at="2020-11-06T06:26:12Z" finished-at="2020-11-06T06:26:27Z">
    <groups>
      <group name="smokeTest">
        <method signature="CreateContactTest.createContactTest()[pri:0, instance:com.autodesk.contacttest.CreateContactTest@3b2da18f]" name="createContactTest" class="com.autodesk.contacttest.CreateContactTest"/>
      </group> <!-- smokeTest -->
    </groups>
    <test name="Default test" duration-ms="15414" started-at="2020-11-06T06:26:12Z" finished-at="2020-11-06T06:26:27Z">
      <class name="com.autodesk.contacttest.CreateContactTest">
        <test-method status="PASS" signature="configBS()[pri:0, instance:com.autodesk.contacttest.CreateContactTest@3b2da18f]" name="configBS" is-config="true" duration-ms="393" started-at="2020-11-06T06:26:11Z" finished-at="2020-11-06T06:26:12Z">
          <reporter-output>
          </reporter-output>
        </test-method> <!-- configBS -->
        <test-method status="PASS" signature="configBC()[pri:0, instance:com.autodesk.contacttest.CreateContactTest@3b2da18f]" name="configBC" is-config="true" duration-ms="6400" started-at="2020-11-06T06:26:12Z" finished-at="2020-11-06T06:26:18Z">
          <reporter-output>
          </reporter-output>
        </test-method> <!-- configBC -->
        <test-method status="PASS" signature="configBM()[pri:0, instance:com.autodesk.contacttest.CreateContactTest@3b2da18f]" name="configBM" is-config="true" duration-ms="4076" started-at="2020-11-06T06:26:18Z" finished-at="2020-11-06T06:26:22Z">
          <reporter-output>
          </reporter-output>
        </test-method> <!-- configBM -->
        <test-method status="FAIL" signature="createContactTest()[pri:0, instance:com.autodesk.contacttest.CreateContactTest@3b2da18f]" name="createContactTest" duration-ms="28" started-at="2020-11-06T06:26:22Z" finished-at="2020-11-06T06:26:22Z">
          <exception class="java.io.IOException">
            <message>
              <![CDATA[org.apache.poi.xssf.usermodel.XSSFWorkbookFactory not found - check if poi-ooxml-*.jar is on the classpath.]]>
            </message>
            <full-stacktrace>
              <![CDATA[java.io.IOException: org.apache.poi.xssf.usermodel.XSSFWorkbookFactory not found - check if poi-ooxml-*.jar is on the classpath.
at org.apache.poi.ss.usermodel.WorkbookFactory.initFactory(WorkbookFactory.java:351)
at org.apache.poi.ss.usermodel.WorkbookFactory.initXssf(WorkbookFactory.java:336)
at org.apache.poi.ss.usermodel.WorkbookFactory.create(WorkbookFactory.java:255)
at org.apache.poi.ss.usermodel.WorkbookFactory.create(WorkbookFactory.java:221)
at com.autodest.genericUtils.ExcelUtility.getExcelData(ExcelUtility.java:49)
at com.autodesk.contacttest.CreateContactTest.createContactTest(CreateContactTest.java:32)
at sun.reflect.NativeMethodAccessorImpl.invoke0(Native Method)
at sun.reflect.NativeMethodAccessorImpl.invoke(NativeMethodAccessorImpl.java:62)
at sun.reflect.DelegatingMethodAccessorImpl.invoke(DelegatingMethodAccessorImpl.java:43)
at java.lang.reflect.Method.invoke(Method.java:498)
at org.testng.internal.MethodInvocationHelper.invokeMethod(MethodInvocationHelper.java:124)
at org.testng.internal.Invoker.invokeMethod(Invoker.java:583)
at org.testng.internal.Invoker.invokeTestMethod(Invoker.java:719)
at org.testng.internal.Invoker.invokeTestMethods(Invoker.java:989)
at org.testng.internal.TestMethodWorker.invokeTestMethods(TestMethodWorker.java:125)
at org.testng.internal.TestMethodWorker.run(TestMethodWorker.java:109)
at org.testng.TestRunner.privateRun(TestRunner.java:648)
at org.testng.TestRunner.run(TestRunner.java:505)
at org.testng.SuiteRunner.runTest(SuiteRunner.java:455)
at org.testng.SuiteRunner.runSequentially(SuiteRunner.java:450)
at org.testng.SuiteRunner.privateRun(SuiteRunner.java:415)
at org.testng.SuiteRunner.run(SuiteRunner.java:364)
at org.testng.SuiteRunnerWorker.runSuite(SuiteRunnerWorker.java:52)
at org.testng.SuiteRunnerWorker.run(SuiteRunnerWorker.java:84)
at org.testng.TestNG.runSuitesSequentially(TestNG.java:1208)
at org.testng.TestNG.runSuitesLocally(TestNG.java:1137)
at org.testng.TestNG.runSuites(TestNG.java:1049)
at org.testng.TestNG.run(TestNG.java:1017)
at org.testng.remote.AbstractRemoteTestNG.run(AbstractRemoteTestNG.java:115)
at org.testng.remote.RemoteTestNG.initAndRun(RemoteTestNG.java:251)
at org.testng.remote.RemoteTestNG.main(RemoteTestNG.java:77)
]]>
            </full-stacktrace>
          </exception> <!-- java.io.IOException -->
          <reporter-output>
          </reporter-output>
        </test-method> <!-- createContactTest -->
        <test-method status="PASS" signature="configAM()[pri:0, instance:com.autodesk.contacttest.CreateContactTest@3b2da18f]" name="configAM" is-config="true" duration-ms="4712" started-at="2020-11-06T06:26:22Z" finished-at="2020-11-06T06:26:27Z">
          <reporter-output>
          </reporter-output>
        </test-method> <!-- configAM -->
        <test-method status="PASS" signature="configAC()[pri:0, instance:com.autodesk.contacttest.CreateContactTest@3b2da18f]" name="configAC" is-config="true" duration-ms="170" started-at="2020-11-06T06:26:27Z" finished-at="2020-11-06T06:26:27Z">
          <reporter-output>
          </reporter-output>
        </test-method> <!-- configAC -->
        <test-method status="PASS" signature="configBS1()[pri:0, instance:com.autodesk.contacttest.CreateContactTest@3b2da18f]" name="configBS1" is-config="true" duration-ms="23" started-at="2020-11-06T06:26:27Z" finished-at="2020-11-06T06:26:27Z">
          <reporter-output>
          </reporter-output>
        </test-method> <!-- configBS1 -->
      </class> <!-- com.autodesk.contacttest.CreateContactTest -->
    </test> <!-- Default test -->
  </suite> <!-- Default suite -->
</testng-results>
